<?xml version="1.0" encoding="UTF-8"?>
<testsuite name="com.prueba.tarjeta.servicesTest.impl.TransaccionServiceImplTest" tests="10" skipped="0" failures="0" errors="0" timestamp="2023-05-21T15:58:08" hostname="BOG-DGT4TQ3" time="0.134">
  <properties/>
  <testcase name="Cuando_AnularTransaccionFalla_TransaccionAnulada()" classname="com.prueba.tarjeta.servicesTest.impl.TransaccionServiceImplTest" time="0.077"/>
  <testcase name="Cuando_TransaccionCompraEsOK_Entonces_RetornaObjeto_TransaccionCompraResponse()" classname="com.prueba.tarjeta.servicesTest.impl.TransaccionServiceImplTest" time="0.005"/>
  <testcase name="Cuando_AnularTransaccionFalla_FechaVencida()" classname="com.prueba.tarjeta.servicesTest.impl.TransaccionServiceImplTest" time="0.007"/>
  <testcase name="Cuando_TarjetaNoExiste_Entonces_RetornaExcepcion()" classname="com.prueba.tarjeta.servicesTest.impl.TransaccionServiceImplTest" time="0.015"/>
  <testcase name="Cuando_FechaVencia_Entonces_RetornaObjeto_ConMensaje()" classname="com.prueba.tarjeta.servicesTest.impl.TransaccionServiceImplTest" time="0.002"/>
  <testcase name="Cuando_ConsultaTransaccionEsOK()" classname="com.prueba.tarjeta.servicesTest.impl.TransaccionServiceImplTest" time="0.002"/>
  <testcase name="Cuando_AnularTransaccionFalla_TransaccionNoExiste()" classname="com.prueba.tarjeta.servicesTest.impl.TransaccionServiceImplTest" time="0.002"/>
  <testcase name="Cuando_SaldoEsInsuficiente_Entonces_RetornaObjeto_ConMensaje()" classname="com.prueba.tarjeta.servicesTest.impl.TransaccionServiceImplTest" time="0.002"/>
  <testcase name="Cuando_AnularTransaccionEsOK()" classname="com.prueba.tarjeta.servicesTest.impl.TransaccionServiceImplTest" time="0.007"/>
  <testcase name="Cuando_ConsultarTransaccionFalla()" classname="com.prueba.tarjeta.servicesTest.impl.TransaccionServiceImplTest" time="0.003"/>
  <system-out><![CDATA[]]></system-out>
  <system-err><![CDATA[]]></system-err>
</testsuite>
