<?xml version="1.0" encoding="UTF-8"?>
<testsuite name="com.prueba.tarjeta.controllerTest.TarjetaControllerTest" tests="5" skipped="0" failures="0" errors="0" timestamp="2023-05-21T15:58:03" hostname="BOG-DGT4TQ3" time="3.638">
  <properties/>
  <testcase name="Cuando_ActivarTarjetaEsOk()" classname="com.prueba.tarjeta.controllerTest.TarjetaControllerTest" time="3.408"/>
  <testcase name="Cuando_GenerarTarjetaEsOK()" classname="com.prueba.tarjeta.controllerTest.TarjetaControllerTest" time="0.04"/>
  <testcase name="Cuando_BloquearTarjetaEsOK()" classname="com.prueba.tarjeta.controllerTest.TarjetaControllerTest" time="0.039"/>
  <testcase name="Cuando_RecargarSaldoEsOk()" classname="com.prueba.tarjeta.controllerTest.TarjetaControllerTest" time="0.089"/>
  <testcase name="Cuando_ConsultarSaldoEsOk()" classname="com.prueba.tarjeta.controllerTest.TarjetaControllerTest" time="0.06"/>
  <system-out><![CDATA[]]></system-out>
  <system-err><![CDATA[]]></system-err>
</testsuite>
