<?xml version="1.0" encoding="UTF-8"?>
<testsuite name="com.prueba.tarjeta.controllerTest.TransaccionControllerTest" tests="3" skipped="0" failures="0" errors="0" timestamp="2023-05-21T15:58:07" hostname="BOG-DGT4TQ3" time="0.356">
  <properties/>
  <testcase name="Cuando_ConsultarTransaccionEsOK()" classname="com.prueba.tarjeta.controllerTest.TransaccionControllerTest" time="0.09"/>
  <testcase name="Cuando_AnularTransaccionEsOK()" classname="com.prueba.tarjeta.controllerTest.TransaccionControllerTest" time="0.125"/>
  <testcase name="Cuando_TransaccionCompraEsOK()" classname="com.prueba.tarjeta.controllerTest.TransaccionControllerTest" time="0.14"/>
  <system-out><![CDATA[]]></system-out>
  <system-err><![CDATA[]]></system-err>
</testsuite>
